"C:\Program Files\JetBrains\CLion 2023.2.2\bin\cmake\win\x64\bin\cmake.exe" -DCMAKE_BUILD_TYPE=Debug -G "CodeBlocks - MinGW Makefiles" -S \\wsl$\Ubuntu\home\zinlinhtun\proj\qtai\software -B \\wsl$\Ubuntu\home\zinlinhtun\proj\qtai\software\cmake-build-debug
CMake Error at CMakeLists.txt:6 (include):
  include could not find requested file:

    /tools/cmake/project.cmake


-- The C compiler identification is unknown
-- The CXX compiler identification is unknown
-- Detecting C compiler ABI info
-- Detecting C compiler ABI info - failed
-- Check for working C compiler: C:/Program Files/JetBrains/CLion 2023.2.2/bin/mingw/bin/gcc.exe
-- Check for working C compiler: C:/Program Files/JetBrains/CLion 2023.2.2/bin/mingw/bin/gcc.exe - broken
CMake Error at C:/Program Files/JetBrains/CLion 2023.2.2/bin/cmake/win/x64/share/cmake-3.26/Modules/CMakeTestCCompiler.cmake:67 (message):
  The C compiler

    "C:/Program Files/JetBrains/CLion 2023.2.2/bin/mingw/bin/gcc.exe"

  is not able to compile a simple test program.

  It fails with the following output:

    Change Dir: //wsl$/Ubuntu/home/zinlinhtun/proj/qtai/software/cmake-build-debug/CMakeFiles/CMakeScratch/TryCompile-9z6uh3
    
    Run Build Command(s):C:/Program Files/JetBrains/CLion 2023.2.2/bin/cmake/win/x64/bin/cmake.exe -E env VERBOSE=1 C:/PROGRA~1/JETBRA~1/CLION2~1.2/bin/mingw/bin/mingw32-make.exe -f Makefile cmTC_5d955/fast && C:/PROGRA~1/JETBRA~1/CLION2~1.2/bin/mingw/bin/mingw32-make.exe  -f CMakeFiles\cmTC_5d955.dir\build.make CMakeFiles/cmTC_5d955.dir/build
    mingw32-make[1]: Entering directory '//wsl$/Ubuntu/home/zinlinhtun/proj/qtai/software/cmake-build-debug/CMakeFiles/CMakeScratch/TryCompile-9z6uh3'
    Building C object CMakeFiles/cmTC_5d955.dir/testCCompiler.c.obj
    C:\PROGRA~1\JETBRA~1\CLION2~1.2\bin\mingw\bin\gcc.exe    -o CMakeFiles\cmTC_5d955.dir\testCCompiler.c.obj -c "\\wsl$\Ubuntu\home\zinlinhtun\proj\qtai\software\cmake-build-debug\CMakeFiles\CMakeScratch\TryCompile-9z6uh3\testCCompiler.c"
    Assembler messages:
    Fatal error: can't create CMakeFiles\cmTC_5d955.dir\testCCompiler.c.obj: Invalid argument
    mingw32-make[1]: *** [CMakeFiles\cmTC_5d955.dir\build.make:77: CMakeFiles/cmTC_5d955.dir/testCCompiler.c.obj] Error 1
    mingw32-make[1]: Leaving directory '//wsl$/Ubuntu/home/zinlinhtun/proj/qtai/software/cmake-build-debug/CMakeFiles/CMakeScratch/TryCompile-9z6uh3'
    mingw32-make: *** [Makefile:126: cmTC_5d955/fast] Error 2
    
    

  

  CMake will not be able to correctly generate this project.
Call Stack (most recent call first):
  CMakeLists.txt:8 (project)


-- Configuring incomplete, errors occurred!
